# JRE version: Java(TM) SE Runtime Environment (21.0.6+8) (build 21.0.6+8-LTS-188)
# Java VM: Java HotSpot(TM) 64-Bit Server VM (21.0.6+8-LTS-188, mixed mode, sharing, tiered, compressed oops, compressed class ptrs, g1 gc, windows-amd64)
GC Precious Log:
 CardTable entry size: 512
 Card Set container configuration: InlinePtr #cards 5 size 8 Array Of Cards #cards 12 size 40 Howl #buckets 4 coarsen threshold 1843 Howl Bitmap #cards 512 size 80 coarsen threshold 460 Card regions per heap region 1 cards per card region 2048
 CPUs: 12 total, 12 available
 Memory: 7411M
 Large Page Support: Disabled
 NUMA Support: Disabled
 Compressed Oops: Enabled (32-bit)
 Heap Region Size: 1M
 Heap Min Capacity: 8M
 Heap Initial Capacity: 116M
 Heap Max Capacity: 1854M
 Pre-touch: Disabled
 Parallel Workers: 10
 Concurrent Workers: 3
 Concurrent Refinement Workers: 10
 Periodic GC: Disabled
Heap:
 garbage-first heap   total 118784K, used 96380K [0x000000008c200000, 0x0000000100000000)
  region size 1024K, 41 young (41984K), 6 survivors (6144K)
 Metaspace       used 5748K, committed 5952K, reserved 1114112K
  class space    used 387K, committed 512K, reserved 1048576K
GC Heap History (20 events):
Event: 246.169 GC heap before
{Heap before GC invocations=8 (full 0):
 garbage-first heap   total 118784K, used 91136K [0x000000008c200000, 0x0000000100000000)
  region size 1024K, 59 young (60416K), 8 survivors (8192K)
 Metaspace       used 5738K, committed 5952K, reserved 1114112K
  class space    used 386K, committed 512K, reserved 1048576K
}
Event: 246.210 GC heap after
{Heap after GC invocations=9 (full 0):
 garbage-first heap   total 118784K, used 41655K [0x000000008c200000, 0x0000000100000000)
  region size 1024K, 8 young (8192K), 8 survivors (8192K)
 Metaspace       used 5738K, committed 5952K, reserved 1114112K
  class space    used 386K, committed 512K, reserved 1048576K
}
Event: 270.042 GC heap before
{Heap before GC invocations=9 (full 0):
 garbage-first heap   total 118784K, used 91831K [0x000000008c200000, 0x0000000100000000)
  region size 1024K, 57 young (58368K), 8 survivors (8192K)
 Metaspace       used 5738K, committed 5952K, reserved 1114112K
  class space    used 386K, committed 512K, reserved 1048576K
}
Event: 270.076 GC heap after
{Heap after GC invocations=10 (full 0):
 garbage-first heap   total 118784K, used 43696K [0x000000008c200000, 0x0000000100000000)
  region size 1024K, 8 young (8192K), 8 survivors (8192K)
 Metaspace       used 5738K, committed 5952K, reserved 1114112K
  class space    used 386K, committed 512K, reserved 1048576K
}
Event: 295.320 GC heap before
{Heap before GC invocations=10 (full 0):
 garbage-first heap   total 118784K, used 92848K [0x000000008c200000, 0x0000000100000000)
  region size 1024K, 56 young (57344K), 8 survivors (8192K)
 Metaspace       used 5738K, committed 5952K, reserved 1114112K
  class space    used 386K, committed 512K, reserved 1048576K
}
Event: 295.357 GC heap after
{Heap after GC invocations=11 (full 0):
 garbage-first heap   total 118784K, used 46385K [0x000000008c200000, 0x0000000100000000)
  region size 1024K, 7 young (7168K), 7 survivors (7168K)
 Metaspace       used 5738K, committed 5952K, reserved 1114112K
  class space    used 386K, committed 512K, reserved 1048576K
}
Event: 318.206 GC heap before
{Heap before GC invocations=11 (full 0):
 garbage-first heap   total 118784K, used 93489K [0x000000008c200000, 0x0000000100000000)
  region size 1024K, 53 young (54272K), 7 survivors (7168K)
 Metaspace       used 5738K, committed 5952K, reserved 1114112K
  class space    used 386K, committed 512K, reserved 1048576K
}
Event: 318.242 GC heap after
{Heap after GC invocations=12 (full 0):
 garbage-first heap   total 118784K, used 49456K [0x000000008c200000, 0x0000000100000000)
  region size 1024K, 7 young (7168K), 7 survivors (7168K)
 Metaspace       used 5738K, committed 5952K, reserved 1114112K
  class space    used 386K, committed 512K, reserved 1048576K
}
Event: 340.042 GC heap before
{Heap before GC invocations=12 (full 0):
 garbage-first heap   total 118784K, used 94512K [0x000000008c200000, 0x0000000100000000)
  region size 1024K, 51 young (52224K), 7 survivors (7168K)
 Metaspace       used 5738K, committed 5952K, reserved 1114112K
  class space    used 386K, committed 512K, reserved 1048576K
}
Event: 340.072 GC heap after
{Heap after GC invocations=13 (full 0):
 garbage-first heap   total 118784K, used 51482K [0x000000008c200000, 0x0000000100000000)
  region size 1024K, 7 young (7168K), 7 survivors (7168K)
 Metaspace       used 5738K, committed 5952K, reserved 1114112K
  class space    used 386K, committed 512K, reserved 1048576K
}
Event: 362.096 GC heap before
{Heap before GC invocations=13 (full 0):
 garbage-first heap   total 118784K, used 95514K [0x000000008c200000, 0x0000000100000000)
  region size 1024K, 50 young (51200K), 7 survivors (7168K)
 Metaspace       used 5738K, committed 5952K, reserved 1114112K
  class space    used 386K, committed 512K, reserved 1048576K
}
Event: 362.133 GC heap after
{Heap after GC invocations=14 (full 0):
 garbage-first heap   total 118784K, used 53065K [0x000000008c200000, 0x0000000100000000)
  region size 1024K, 7 young (7168K), 7 survivors (7168K)
 Metaspace       used 5738K, committed 5952K, reserved 1114112K
  class space    used 386K, committed 512K, reserved 1048576K
}
Event: 383.425 GC heap before
{Heap before GC invocations=14 (full 0):
 garbage-first heap   total 118784K, used 96073K [0x000000008c200000, 0x0000000100000000)
  region size 1024K, 49 young (50176K), 7 survivors (7168K)
 Metaspace       used 5738K, committed 5952K, reserved 1114112K
  class space    used 386K, committed 512K, reserved 1048576K
}
Event: 383.463 GC heap after
{Heap after GC invocations=15 (full 0):
 garbage-first heap   total 118784K, used 54586K [0x000000008c200000, 0x0000000100000000)
  region size 1024K, 7 young (7168K), 7 survivors (7168K)
 Metaspace       used 5738K, committed 5952K, reserved 1114112K
  class space    used 386K, committed 512K, reserved 1048576K
}
Event: 404.273 GC heap before
{Heap before GC invocations=15 (full 0):
 garbage-first heap   total 118784K, used 96570K [0x000000008c200000, 0x0000000100000000)
  region size 1024K, 48 young (49152K), 7 survivors (7168K)
 Metaspace       used 5738K, committed 5952K, reserved 1114112K
  class space    used 386K, committed 512K, reserved 1048576K
}
Event: 404.312 GC heap after
{Heap after GC invocations=16 (full 0):
 garbage-first heap   total 118784K, used 56590K [0x000000008c200000, 0x0000000100000000)
  region size 1024K, 6 young (6144K), 6 survivors (6144K)
 Metaspace       used 5738K, committed 5952K, reserved 1114112K
  class space    used 386K, committed 512K, reserved 1048576K
}
Event: 424.498 GC heap before
{Heap before GC invocations=16 (full 0):
 garbage-first heap   total 118784K, used 97550K [0x000000008c200000, 0x0000000100000000)
  region size 1024K, 46 young (47104K), 6 survivors (6144K)
 Metaspace       used 5738K, committed 5952K, reserved 1114112K
  class space    used 386K, committed 512K, reserved 1048576K
}
Event: 424.531 GC heap after
{Heap after GC invocations=17 (full 0):
 garbage-first heap   total 118784K, used 59391K [0x000000008c200000, 0x0000000100000000)
  region size 1024K, 6 young (6144K), 6 survivors (6144K)
 Metaspace       used 5738K, committed 5952K, reserved 1114112K
  class space    used 386K, committed 512K, reserved 1048576K
}
Event: 442.051 GC heap before
{Heap before GC invocations=17 (full 0):
 garbage-first heap   total 118784K, used 98303K [0x000000008c200000, 0x0000000100000000)
  region size 1024K, 44 young (45056K), 6 survivors (6144K)
 Metaspace       used 5738K, committed 5952K, reserved 1114112K
  class space    used 386K, committed 512K, reserved 1048576K
}
Event: 442.087 GC heap after
{Heap after GC invocations=18 (full 0):
 garbage-first heap   total 118784K, used 61564K [0x000000008c200000, 0x0000000100000000)
  region size 1024K, 6 young (6144K), 6 survivors (6144K)
 Metaspace       used 5738K, committed 5952K, reserved 1114112K
  class space    used 386K, committed 512K, reserved 1048576K
}

